
> web@0.1.0 dev
> next dev --port 3000

⚠ Warning: Next.js inferred your workspace root, but it may not be correct.
 We detected multiple lockfiles and selected the directory of C:\Users\rahma\Desktop\package-lock.json as the root directory.
 To silence this warning, set `turbopack.root` in your Next.js config, or consider removing one of the lockfiles if it's not needed.
   See https://nextjs.org/docs/app/api-reference/config/next-config-js/turbopack#root-directory for more information.
 Detected additional lockfiles: 
   * C:\Users\rahma\Desktop\dev\hotel\package-lock.json

▲ Next.js 16.1.0 (Turbopack)
- Local:         http://localhost:3000
- Network:       http://192.168.0.174:3000
- Environments: .env
- Experiments (use with caution):
  · clientTraceMetadata

✓ Starting...

-----
[1m[31mFATAL[39m[0m: An unexpected Turbopack error occurred. A panic log has been written to C:\Users\rahma\AppData\Local\Temp\next-panic-4af3d583e549f0fe9168ce59ac8a0794.log.

To help make Turbopack better, report this error by ]8;;https://github.com/vercel/next.js/discussions/new?category=turbopack-error-report&title=Turbopack%20Error%3A%20create%20symlink%20to%20..%2F..%2F..%2F..%2F..%2F..%2F..%2Fdev%2Fhotel%2Fnode_modules%2Frequire-in-the-middle&body=Turbopack%20version%3A%20%60ea1df5f2%60%0ANext.js%20version%3A%20%600.0.0%60%0A%0AError%20message%3A%0A%60%60%60%0Acreate%20symlink%20to%20..%2F..%2F..%2F..%2F..%2F..%2F..%2Fdev%2Fhotel%2Fnode_modules%2Frequire-in-the-middle%0A%0ACaused%20by%3A%0A-%20A%20required%20privilege%20is%20not%20held%20by%20the%20client.%20%28os%20error%201314%29%0A%60%60%60&labels=Turbopack,Turbopack%20Panic%20Backtrace\clicking here.]8;;\
-----

Error [TurbopackInternalError]: create symlink to ../../../../../../../dev/hotel/node_modules/require-in-the-middle

Caused by:
- A required privilege is not held by the client. (os error 1314)
    at ignore-listed frames {
  location: undefined
}
[?25h
npm error Lifecycle script `dev` failed with error:
npm error code 1
npm error path C:\Users\rahma\Desktop\dev\hotel\apps\web
npm error workspace web@0.1.0
npm error location C:\Users\rahma\Desktop\dev\hotel\apps\web
npm error command failed
npm error command C:\WINDOWS\system32\cmd.exe /d /s /c next dev --port 3000
